<?xml version="1.0" encoding="UTF-8"?>
<!-- Generated by org.testng.reporters.JUnitReportReporter -->
<testsuite hostname="nishant191" failures="0" tests="1" name="pages.LoginPageTest" time="0.789" errors="0" timestamp="2023-02-13T10:37:17 IST" skipped="0">
  <testcase classname="pages.LoginPageTest" name="accountLoginPerform" time="0.789"/>
  <system-out/>
</testsuite> <!-- pages.LoginPageTest -->
