<?xml version="1.0" encoding="UTF-8"?>
<!-- Generated by org.testng.reporters.JUnitReportReporter -->
<testsuite hostname="nishant191" failures="0" tests="1" name="pages.ContactUsPageTest" time="1.315" errors="0" timestamp="2023-02-09T12:10:22 IST" skipped="0">
  <testcase classname="pages.ContactUsPageTest" name="contactUsPageTestPerform" time="1.315"/>
  <system-out/>
</testsuite> <!-- pages.ContactUsPageTest -->
