<?xml version="1.0" encoding="UTF-8"?>
<!-- Generated by org.testng.reporters.JUnitReportReporter -->
<testsuite hostname="nishant191" failures="0" tests="1" name="pages.YourAccountPageTest" time="12.401" errors="0" timestamp="2023-02-13T15:43:52 IST" skipped="0">
  <testcase classname="pages.YourAccountPageTest" name="allButtonsVerifyPerform" time="12.401"/>
  <system-out/>
</testsuite> <!-- pages.YourAccountPageTest -->
