<?xml version="1.0" encoding="UTF-8"?>
<!-- Generated by org.testng.reporters.JUnitReportReporter -->
<testsuite hostname="nishant191" failures="0" tests="1" name="pages.HomePageTest" time="13.097" errors="0" timestamp="2023-02-10T18:03:56 IST" skipped="0">
  <testcase classname="pages.HomePageTest" name="homePageFooterLinkVerifyPerform" time="13.097"/>
  <system-out/>
</testsuite> <!-- pages.HomePageTest -->
