<?xml version="1.0" encoding="UTF-8"?>
<!-- Generated by org.testng.reporters.JUnitReportReporter -->
<testsuite hostname="nishant191" failures="0" tests="1" name="pages.CreateAccountPageTest" time="1.955" errors="0" timestamp="2023-02-13T10:37:06 IST" skipped="0">
  <testcase classname="pages.CreateAccountPageTest" name="createAccountPerform" time="1.955"/>
  <system-out/>
</testsuite> <!-- pages.CreateAccountPageTest -->
